<?xml version="1.0" encoding="UTF-8"?>
<!-- Generated by org.testng.reporters.JUnitXMLReporter -->
<testsuite ignored="0" hostname="DESKTOP-MJGTEAM" failures="0" tests="6" name="Default test" time="11.902" errors="0" timestamp="2023-05-24T14:37:59 IST">
  <testcase classname="TestNG.DependsOnMethodsConcept" name="setup" time="3.866"/>
  <testcase classname="TestNG.DependsOnMethodsConcept" name="gotoUrl" time="0.811"/>
  <testcase classname="TestNG.DependsOnMethodsConcept" name="type_UserName" time="2.308"/>
  <testcase classname="TestNG.DependsOnMethodsConcept" name="type_Password" time="2.192"/>
  <testcase classname="TestNG.DependsOnMethodsConcept" name="clickLogin" time="2.222"/>
  <testcase classname="TestNG.DependsOnMethodsConcept" name="tearDown" time="0.394"/>
</testsuite> <!-- Default test -->
